<?xml version="1.0" encoding="UTF-8"?>
<coverage generated="1513950602206" clover="3.2.0">
  <project timestamp="1513950602206" name="All files">
    <metrics statements="10" coveredstatements="6" conditionals="0" coveredconditionals="0" methods="8" coveredmethods="4" elements="18" coveredelements="10" complexity="0" loc="10" ncloc="10" packages="1" files="1" classes="1">
      <file name="queries.js" path="/Users/Fabien/Workspace/ForManu/queries.js">
        <metrics statements="10" coveredstatements="6" conditionals="0" coveredconditionals="0" methods="8" coveredmethods="4"/>
        <line num="1" count="1" type="stmt"/>
        <line num="4" count="1" type="stmt"/>
        <line num="5" count="1" type="stmt"/>
        <line num="6" count="1" type="stmt"/>
        <line num="7" count="1002" type="stmt"/>
        <line num="16" count="0" type="stmt"/>
        <line num="17" count="0" type="stmt"/>
        <line num="22" count="0" type="stmt"/>
        <line num="23" count="0" type="stmt"/>
        <line num="27" count="1" type="stmt"/>
      </file>
    </metrics>
  </project>
</coverage>
