TN:
SF:/Users/Fabien/Workspace/ForManu/queries.js
FN:3,getCategories
FN:5,(anonymous_1)
FN:6,(anonymous_2)
FN:6,(anonymous_3)
FN:15,getProducts
FN:17,(anonymous_5)
FN:21,getProductInfos
FN:23,(anonymous_7)
FNF:8
FNH:4
FNDA:1,getCategories
FNDA:1,(anonymous_1)
FNDA:1,(anonymous_2)
FNDA:1002,(anonymous_3)
FNDA:0,getProducts
FNDA:0,(anonymous_5)
FNDA:0,getProductInfos
FNDA:0,(anonymous_7)
DA:1,1
DA:4,1
DA:5,1
DA:6,1
DA:7,1002
DA:16,0
DA:17,0
DA:22,0
DA:23,0
DA:27,1
LF:10
LH:6
BRF:0
BRH:0
end_of_record
